-2.5435436534 .2015222272440446
-2.4435436534 .1950283506903474
-2.3435436534 .2560123600190078
-2.2435436534 .2396869021041323
-2.1435436534 .2615568760729746
-2.0435436534 .2188646704142342
-1.943543653399999 .2413945561047179
-1.843543653399999 .2554867270424373
-1.743543653399999 .2821223497073691
-1.643543653399999 .3199907487601515
-1.543543653399999 0.274712506646461
-1.443543653399999 .2981616636104928
-1.343543653399999 0.298745711141259
-1.243543653399999 .3616312862779379
-1.143543653399999 .3840778629450787
-1.043543653399999 .3724540770159719
-.9435436533999987 .3321994452903864
-.8435436533999987 .3612027872141517
-.7435436533999987 .4383731797919836
-.6435436533999987 .3645314217234681
-.5435436533999988 .4501704254301614
-.4435436533999988 .4086024691046303
-.3435436533999988 .4360383269590308
-.2435436533999988 .5099671053178239
-.1435436533999988 .5193084874950792
-0.0435436533999988 .4915509604087901
.05645634660000121 .5635027104676583
.1564563466000012 .5462573126912056
.2564563466000012 .4867889067188697
.3564563466000013 0.608268621396975
.4564563466000012 .5831359803757485
.5564563466000012 .5843700294588378
.6564563466000012 .6928627941340538
.7564563466000012 .6132309832550379
.8564563466000011 .7413582881512271
.9564563466000011 .6241915825018127
1.056456346600001 .6634883631421249
1.156456346600001 .6901175466877739
1.256456346600001 .7210863049478522
1.356456346600001 .8411958767166492
1.456456346600002 .7989202751469686
1.556456346600002 .9276500270077015
1.656456346600002 .7763098727176926
1.756456346600002 0.852912948517693
1.856456346600002 .9878573030044777
1.956456346600002 .8727913237825334
2.056456346600002 1.080130982959933
2.156456346600002 1.08897570458475
2.256456346600002 .9663515927640551
2.356456346600002 1.070750836469513
2.456456346600002 1.097086140191205
2.556456346600002 1.270586439176399
2.656456346600002 1.086465688280108
2.756456346600002 1.268128262037375
2.856456346600003 1.222713594965231
2.956456346600003 1.47708556266511
