0.1 -.003887589437219784
0.3 .008885653212142793
0.5 .03668124079163015
0.7 .04517635711865144
.8999999999999999 .09486949723184945
1.1 0.114994561007765
1.3 .1426884933084203
1.5 .1878629502991075
1.7 .2154627604747359
1.9 .2794773720174786
2.1 .2825607557876331
2.3 .3833328042309103
2.5 .3645576135317737
2.7 .4657528596128098
2.9 .4818346320741469
3.100000000000001 .5860274129420839
3.300000000000001 0.668663184722417
3.500000000000001 .6912549816127371
3.700000000000001 .7070678746124976
3.900000000000001 0.768828809936102
4.100000000000001 .9003780800134541
4.300000000000002 .9586835930047692
4.500000000000002 .8587418317670698
4.700000000000002 1.008889864489028
4.900000000000002 .9896541478350402
5.100000000000002 1.229994337915267
5.300000000000002 1.116441967873259
5.500000000000003 1.241904710662254
5.700000000000003 1.314726784799105
5.900000000000003 1.417863280159203
6.100000000000003 1.59543070355848
6.300000000000003 1.521739049109837
6.500000000000004 1.565533703843922
6.700000000000004 1.715800127483105
6.900000000000004 1.609209830884855
7.100000000000004 2.058941368712438
7.300000000000004 2.19348005536445
7.500000000000004 2.219734265971591
7.700000000000005 2.307323074161807
7.900000000000005 2.350500769564683
8.100000000000005 2.435786057288401
8.300000000000004 2.329709490584754
8.500000000000004 2.415131939634855
8.700000000000003 2.278072320117503
8.900000000000002 2.752320877542353
9.100000000000001 2.46982815210699
9.3 3.20152070862508
9.5 2.649401932288602
9.7 2.935653050710802
9.899999999999999 3.104638760289328
