-3 10.56492335178433
-2.9 9.65774122673442
-2.8 10.90833718760961
-2.7 9.541620775162261
-2.6 10.2136261212422
-2.5 10.19713941350922
-2.399999999999999 9.919536831900123
-2.299999999999999 9.295058942138809
-2.199999999999999 8.261558826705704
-2.099999999999999 9.655467530093775
-1.999999999999999 9.343927042482726
-1.899999999999999 9.795542256855354
-1.799999999999999 8.244762509636896
-1.699999999999999 7.971415585825129
-1.599999999999999 8.484334486961169
-1.499999999999999 7.374648801407387
-1.399999999999999 7.633919194347004
-1.299999999999998 8.407474695302925
-1.199999999999998 6.885598740094882
-1.099999999999998 7.481055944105214
-.9999999999999983 7.384469128651039
-.8999999999999984 6.707236425435114
-.7999999999999984 7.131826048924319
-.6999999999999984 5.923243939236364
-.5999999999999984 6.775952303333717
-.4999999999999984 6.100103850806909
-.3999999999999985 5.796337902646529
-.2999999999999985 5.993081612501009
-.1999999999999985 5.233157876439951
-.09999999999999848 5.086448248218463
1.52655665885959e-15 5.3211117930977
.1000000000000015 4.478505902973512
.2000000000000015 5.013631299103563
.3000000000000015 4.655158684920826
.4000000000000016 4.04965063694194
.5000000000000016 3.586249439005533
.6000000000000015 3.603467164833251
.7000000000000015 3.236166016799201
.8000000000000015 3.689954702888074
.9000000000000015 3.33391099021742
1.000000000000002 2.909706350729716
1.100000000000002 2.740316772512872
1.200000000000002 2.339359677071751
1.300000000000002 2.397202563132106
1.400000000000002 2.417240899976662
1.500000000000002 1.95207696536067
1.600000000000002 1.748543546886351
1.700000000000002 1.880660246936069
1.800000000000002 1.211736982354225
1.900000000000002 1.503715951232214
2.000000000000002 1.295241632898801
2.100000000000002 .5471322239991645
2.200000000000002 .8717392292568212
2.300000000000002 .8233110529992165
2.400000000000003 .1202558777197501
2.500000000000003 -.4174259594945347
2.600000000000003 -.6417404595726969
2.700000000000003 -.5697135102730831
2.800000000000003 -1.146398578685957
2.900000000000003 -.6343019867278084
3.000000000000003 -1.577998860349102
